#
# A fatal error has been detected by the Java Runtime Environment:
#
#  Internal Error (safepoint.cpp:318), pid=20296, tid=10499
#  guarantee(PageArmed == 0) failed: invariant
#
# JRE version: Java(TM) SE Runtime Environment (7.0_67-b01) (build 1.7.0_67-b01)
# Java VM: Java HotSpot(TM) 64-Bit Server VM (24.65-b04 mixed mode bsd-amd64 compressed oops)
# Failed to write core dump. Core dumps have been disabled. To enable core dumping, try "ulimit -c unlimited" before starting Java again
#
# If you would like to submit a bug report, please visit:
#   http://bugreport.sun.com/bugreport/crash.jsp
#

---------------  T H R E A D  ---------------

Current thread (0x00007fe06c016000):  VMThread [stack: 0x000000011cf9a000,0x000000011d09a000] [id=10499]

Stack: [0x000000011cf9a000,0x000000011d09a000],  sp=0x000000011d099990,  free space=1022k
Native frames: (J=compiled Java code, j=interpreted, Vv=VM code, C=native code)
V  [libjvm.dylib+0x52b19d]
V  [libjvm.dylib+0x1ecfd5]
V  [libjvm.dylib+0x473542]
V  [libjvm.dylib+0x530cd9]
V  [libjvm.dylib+0x53060f]
V  [libjvm.dylib+0x420772]
C  [libsystem_pthread.dylib+0x3268]  _pthread_body+0x83
C  [libsystem_pthread.dylib+0x31e5]  _pthread_body+0x0
C  [libsystem_pthread.dylib+0x141d]  thread_start+0xd

VM_Operation (0x000000011d3e3718): Exit, mode: safepoint, requested by thread 0x00007fe06d003000


---------------  P R O C E S S  ---------------

Java Threads: ( => current thread )
  0x00007fe06d003000 JavaThread "SIGTERM handler" daemon [_thread_blocked, id=13095, stack(0x000000011d2e4000,0x000000011d3e4000)]
  0x00007fe06c85f800 JavaThread "Service Thread" daemon [_thread_blocked, id=17667, stack(0x000000011eec7000,0x000000011efc7000)]
  0x00007fe06c85f000 JavaThread "C2 CompilerThread1" daemon [_thread_blocked, id=17155, stack(0x000000011edc4000,0x000000011eec4000)]
  0x00007fe06c85d000 JavaThread "C2 CompilerThread0" daemon [_thread_blocked, id=16643, stack(0x000000011ecc1000,0x000000011edc1000)]
  0x00007fe06c858000 JavaThread "Signal Dispatcher" daemon [_thread_blocked, id=16403, stack(0x000000011ebbe000,0x000000011ecbe000)]
  0x00007fe06c019800 JavaThread "Finalizer" daemon [_thread_blocked, id=11523, stack(0x000000011d1a0000,0x000000011d2a0000)]
  0x00007fe06c018800 JavaThread "Reference Handler" daemon [_thread_blocked, id=11011, stack(0x000000011d09d000,0x000000011d19d000)]
  0x00007fe06c800000 JavaThread "main" [_thread_in_Java, id=4867, stack(0x000000010ee60000,0x000000010ef60000)]

Other Threads:
=>0x00007fe06c016000 VMThread [stack: 0x000000011cf9a000,0x000000011d09a000] [id=10499]

VM state:synchronizing (normal execution)

VM Mutex/Monitor currently owned by a thread:  ([mutex/lock_event])
[0x00007fe06bd204e0] Safepoint_lock - owner thread: 0x00007fe06c016000
[0x00007fe06bd20560] Threads_lock - owner thread: 0x00007fe06c016000

Heap
 PSYoungGen      total 76800K, used 33052K [0x00000007aaa80000, 0x00000007b0000000, 0x0000000800000000)
  eden space 66048K, 40% used [0x00000007aaa80000,0x00000007ac469cd0,0x00000007aeb00000)
  from space 10752K, 60% used [0x00000007af580000,0x00000007afbdd558,0x00000007b0000000)
  to   space 10752K, 0% used [0x00000007aeb00000,0x00000007aeb00000,0x00000007af580000)
 ParOldGen       total 174592K, used 41373K [0x0000000700000000, 0x000000070aa80000, 0x00000007aaa80000)
  object space 174592K, 23% used [0x0000000700000000,0x0000000702867440,0x000000070aa80000)
 PSPermGen       total 21504K, used 4521K [0x00000006fae00000, 0x00000006fc300000, 0x0000000700000000)
  object space 21504K, 21% used [0x00000006fae00000,0x00000006fb26a690,0x00000006fc300000)

Card table byte_map: [0x0000000112022000,0x000000011284c000] byte_map_base: 0x000000010e84b000

Polling page: 0x000000010dbe4000

Code Cache  [0x000000010ef62000, 0x000000010f1d2000, 0x0000000111f62000)
 total_blobs=252 nmethods=25 adapters=182 free_code_cache=48702Kb largest_free_block=49838336

Compilation events (10 events):
Event: 0.243 Thread 0x00007fe06c85d000 nmethod 20 0x000000010efcc410 code [0x000000010efcc560, 0x000000010efcc798]
Event: 0.246 Thread 0x00007fe06c85d000   22             java.math.MutableBigInteger::divideMagnitude (594 bytes)
Event: 0.265 Thread 0x00007fe06c85f000 nmethod 21 0x000000010efd0290 code [0x000000010efd0420, 0x000000010efd0e18]
Event: 0.265 Thread 0x00007fe06c85f000   23             java.math.MutableBigInteger::primitiveRightShift (80 bytes)
Event: 0.268 Thread 0x00007fe06c85f000 nmethod 23 0x000000010efd1550 code [0x000000010efd16a0, 0x000000010efd18d8]
Event: 0.269 Thread 0x00007fe06c85f000   24             java.math.MutableBigInteger::unsignedLongCompare (20 bytes)
Event: 0.269 Thread 0x00007fe06c85f000 nmethod 24 0x000000010efd1350 code [0x000000010efd1480, 0x000000010efd14f8]
Event: 0.269 Thread 0x00007fe06c85f000   25             java.math.MutableBigInteger::normalize (91 bytes)
Event: 0.271 Thread 0x00007fe06c85f000 nmethod 25 0x000000010efcfe90 code [0x000000010efcffe0, 0x000000010efd0198]
Event: 0.320 Thread 0x00007fe06c85d000 nmethod 22 0x000000010efd6c10 code [0x000000010efd6e60, 0x000000010efd8f60]

GC Heap History (4 events):
Event: 1871.058 GC heap before
{Heap before GC invocations=1 (full 0):
 PSYoungGen      total 76800K, used 61867K [0x00000007aaa80000, 0x00000007b0000000, 0x0000000800000000)
  eden space 66048K, 93% used [0x00000007aaa80000,0x00000007ae6eae70,0x00000007aeb00000)
  from space 10752K, 0% used [0x00000007af580000,0x00000007af580000,0x00000007b0000000)
  to   space 10752K, 0% used [0x00000007aeb00000,0x00000007aeb00000,0x00000007af580000)
 ParOldGen       total 174592K, used 0K [0x0000000700000000, 0x000000070aa80000, 0x00000007aaa80000)
  object space 174592K, 0% used [0x0000000700000000,0x0000000700000000,0x000000070aa80000)
 PSPermGen       total 21504K, used 4513K [0x00000006fae00000, 0x00000006fc300000, 0x0000000700000000)
  object space 21504K, 20% used [0x00000006fae00000,0x00000006fb268440,0x00000006fc300000)
Event: 1871.067 GC heap after
Heap after GC invocations=1 (full 0):
 PSYoungGen      total 76800K, used 9745K [0x00000007aaa80000, 0x00000007b0000000, 0x0000000800000000)
  eden space 66048K, 0% used [0x00000007aaa80000,0x00000007aaa80000,0x00000007aeb00000)
  from space 10752K, 90% used [0x00000007aeb00000,0x00000007af484798,0x00000007af580000)
  to   space 10752K, 0% used [0x00000007af580000,0x00000007af580000,0x00000007b0000000)
 ParOldGen       total 174592K, used 8K [0x0000000700000000, 0x000000070aa80000, 0x00000007aaa80000)
  object space 174592K, 0% used [0x0000000700000000,0x0000000700002000,0x000000070aa80000)
 PSPermGen       total 21504K, used 4513K [0x00000006fae00000, 0x00000006fc300000, 0x0000000700000000)
  object space 21504K, 20% used [0x00000006fae00000,0x00000006fb268440,0x00000006fc300000)
}
Event: 64194.087 GC heap before
{Heap before GC invocations=2 (full 0):
 PSYoungGen      total 76800K, used 64321K [0x00000007aaa80000, 0x00000007b0000000, 0x0000000800000000)
  eden space 66048K, 82% used [0x00000007aaa80000,0x00000007adfcbd90,0x00000007aeb00000)
  from space 10752K, 90% used [0x00000007aeb00000,0x00000007af484798,0x00000007af580000)
  to   space 10752K, 0% used [0x00000007af580000,0x00000007af580000,0x00000007b0000000)
 ParOldGen       total 174592K, used 8K [0x0000000700000000, 0x000000070aa80000, 0x00000007aaa80000)
  object space 174592K, 0% used [0x0000000700000000,0x0000000700002000,0x000000070aa80000)
 PSPermGen       total 21504K, used 4513K [0x00000006fae00000, 0x00000006fc300000, 0x0000000700000000)
  object space 21504K, 20% used [0x00000006fae00000,0x00000006fb268440,0x00000006fc300000)
Event: 64194.119 GC heap after
Heap after GC invocations=2 (full 0):
 PSYoungGen      total 76800K, used 6517K [0x00000007aaa80000, 0x00000007b0000000, 0x0000000800000000)
  eden space 66048K, 0% used [0x00000007aaa80000,0x00000007aaa80000,0x00000007aeb00000)
  from space 10752K, 60% used [0x00000007af580000,0x00000007afbdd558,0x00000007b0000000)
  to   space 10752K, 0% used [0x00000007aeb00000,0x00000007aeb00000,0x00000007af580000)
 ParOldGen       total 174592K, used 41373K [0x0000000700000000, 0x000000070aa80000, 0x00000007aaa80000)
  object space 174592K, 23% used [0x0000000700000000,0x0000000702867440,0x000000070aa80000)
 PSPermGen       total 21504K, used 4513K [0x00000006fae00000, 0x00000006fc300000, 0x0000000700000000)
  object space 21504K, 20% used [0x00000006fae00000,0x00000006fb268440,0x00000006fc300000)
}

Deoptimization events (0 events):
No events

Internal exceptions (10 events):
Event: 0.151 Thread 0x00007fe06c800000 Threw 0x00000007aadec9d8 at /HUDSON/workspace/7u-2-build-macosx-x86_64/jdk7u67/1368/hotspot/src/share/vm/prims/jvm.cpp:1244
Event: 0.151 Thread 0x00007fe06c800000 Threw 0x00000007aadef7b0 at /HUDSON/workspace/7u-2-build-macosx-x86_64/jdk7u67/1368/hotspot/src/share/vm/prims/jvm.cpp:1244
Event: 0.152 Thread 0x00007fe06c800000 Threw 0x00000007aadf2a70 at /HUDSON/workspace/7u-2-build-macosx-x86_64/jdk7u67/1368/hotspot/src/share/vm/prims/jvm.cpp:1244
Event: 0.152 Thread 0x00007fe06c800000 Threw 0x00000007aadf6b90 at /HUDSON/workspace/7u-2-build-macosx-x86_64/jdk7u67/1368/hotspot/src/share/vm/prims/jvm.cpp:1244
Event: 0.153 Thread 0x00007fe06c800000 Threw 0x00000007aadfa558 at /HUDSON/workspace/7u-2-build-macosx-x86_64/jdk7u67/1368/hotspot/src/share/vm/prims/jvm.cpp:1244
Event: 0.153 Thread 0x00007fe06c800000 Threw 0x00000007aadfd5f8 at /HUDSON/workspace/7u-2-build-macosx-x86_64/jdk7u67/1368/hotspot/src/share/vm/prims/jvm.cpp:1244
Event: 0.154 Thread 0x00007fe06c800000 Threw 0x00000007aae018f8 at /HUDSON/workspace/7u-2-build-macosx-x86_64/jdk7u67/1368/hotspot/src/share/vm/prims/jvm.cpp:1244
Event: 0.155 Thread 0x00007fe06c800000 Threw 0x00000007aae08328 at /HUDSON/workspace/7u-2-build-macosx-x86_64/jdk7u67/1368/hotspot/src/share/vm/prims/jvm.cpp:1244
Event: 0.170 Thread 0x00007fe06c800000 Threw 0x00000007aae52868 at /HUDSON/workspace/7u-2-build-macosx-x86_64/jdk7u67/1368/hotspot/src/share/vm/prims/jvm.cpp:1244
Event: 0.178 Thread 0x00007fe06c800000 Threw 0x00000007aae628e8 at /HUDSON/workspace/7u-2-build-macosx-x86_64/jdk7u67/1368/hotspot/src/share/vm/prims/jvm.cpp:1244

Events (10 events):
Event: 64194.087 Executing VM operation: ParallelGCFailedAllocation
Event: 64194.119 Executing VM operation: ParallelGCFailedAllocation done
Event: 80418.195 loading class 0x000000011bd4f070
Event: 80418.195 loading class 0x000000011bd4f070 done
Event: 80418.195 Thread 0x00007fe06d003000 Thread added: 0x00007fe06d003000
Event: 80418.196 loading class 0x000000011bd0a450
Event: 80418.196 loading class 0x000000011bd0a450 done
Event: 80418.196 loading class 0x00007fe06d895fe0
Event: 80418.196 loading class 0x00007fe06d895fe0 done
Event: 80418.196 Executing VM operation: Exit


Dynamic libraries:
0x0000000001cd0000 	/System/Library/Frameworks/Cocoa.framework/Versions/A/Cocoa
0x0000000001cd0000 	/System/Library/Frameworks/Security.framework/Versions/A/Security
0x0000000001cd0000 	/System/Library/Frameworks/ApplicationServices.framework/Versions/A/ApplicationServices
0x0000000001cd0000 	/usr/lib/libz.1.dylib
0x0000000001cd0000 	/usr/lib/libSystem.B.dylib
0x0000000001cd0000 	/usr/lib/libobjc.A.dylib
0x0000000001cd0000 	/System/Library/Frameworks/CoreFoundation.framework/Versions/A/CoreFoundation
0x0000000001cd0000 	/System/Library/Frameworks/Foundation.framework/Versions/C/Foundation
0x0000000001cd0000 	/System/Library/Frameworks/AppKit.framework/Versions/C/AppKit
0x0000000001cd0000 	/System/Library/Frameworks/CoreData.framework/Versions/A/CoreData
0x0000000001cd0000 	/System/Library/PrivateFrameworks/RemoteViewServices.framework/Versions/A/RemoteViewServices
0x0000000001cd0000 	/System/Library/PrivateFrameworks/UIFoundation.framework/Versions/A/UIFoundation
0x0000000001cd0000 	/System/Library/Frameworks/IOSurface.framework/Versions/A/IOSurface
0x0000000001cd0000 	/System/Library/Frameworks/AudioToolbox.framework/Versions/A/AudioToolbox
0x0000000001cd0000 	/System/Library/Frameworks/AudioUnit.framework/Versions/A/AudioUnit
0x0000000001cd0000 	/System/Library/PrivateFrameworks/DataDetectorsCore.framework/Versions/A/DataDetectorsCore
0x0000000001cd0000 	/System/Library/PrivateFrameworks/DesktopServicesPriv.framework/Versions/A/DesktopServicesPriv
0x0000000001cd0000 	/System/Library/Frameworks/Carbon.framework/Versions/A/Frameworks/HIToolbox.framework/Versions/A/HIToolbox
0x0000000001cd0000 	/System/Library/Frameworks/QuartzCore.framework/Versions/A/QuartzCore
0x0000000001cd0000 	/System/Library/Frameworks/Carbon.framework/Versions/A/Frameworks/SpeechRecognition.framework/Versions/A/SpeechRecognition
0x0000000001cd0000 	/usr/lib/libauto.dylib
0x0000000001cd0000 	/usr/lib/libicucore.A.dylib
0x0000000001cd0000 	/usr/lib/libxml2.2.dylib
0x0000000001cd0000 	/System/Library/PrivateFrameworks/CoreUI.framework/Versions/A/CoreUI
0x0000000001cd0000 	/System/Library/Frameworks/CoreAudio.framework/Versions/A/CoreAudio
0x0000000001cd0000 	/System/Library/Frameworks/DiskArbitration.framework/Versions/A/DiskArbitration
0x0000000001cd0000 	/usr/lib/liblangid.dylib
0x0000000001cd0000 	/System/Library/PrivateFrameworks/MultitouchSupport.framework/Versions/A/MultitouchSupport
0x0000000001cd0000 	/System/Library/Frameworks/IOKit.framework/Versions/A/IOKit
0x0000000001cd0000 	/usr/lib/libDiagnosticMessagesClient.dylib
0x0000000001cd0000 	/System/Library/Frameworks/CoreServices.framework/Versions/A/CoreServices
0x0000000001cd0000 	/System/Library/PrivateFrameworks/PerformanceAnalysis.framework/Versions/A/PerformanceAnalysis
0x0000000001cd0000 	/System/Library/PrivateFrameworks/GenerationalStorage.framework/Versions/A/GenerationalStorage
0x0000000001cd0000 	/System/Library/Frameworks/OpenGL.framework/Versions/A/OpenGL
0x0000000001cd0000 	/System/Library/PrivateFrameworks/Sharing.framework/Versions/A/Sharing
0x0000000001cd0000 	/System/Library/Frameworks/CoreGraphics.framework/Versions/A/CoreGraphics
0x0000000001cd0000 	/System/Library/Frameworks/CoreText.framework/Versions/A/CoreText
0x0000000001cd0000 	/System/Library/Frameworks/ImageIO.framework/Versions/A/ImageIO
0x0000000001cd0000 	/usr/lib/libextension.dylib
0x0000000001cd0000 	/System/Library/PrivateFrameworks/Backup.framework/Versions/A/Backup
0x0000000001cd0000 	/usr/lib/libarchive.2.dylib
0x0000000001cd0000 	/System/Library/Frameworks/CFNetwork.framework/Versions/A/CFNetwork
0x0000000001cd0000 	/System/Library/Frameworks/SystemConfiguration.framework/Versions/A/SystemConfiguration
0x0000000001cd0000 	/usr/lib/libCRFSuite.dylib
0x0000000001cd0000 	/usr/lib/libc++.1.dylib
0x0000000001cd0000 	/usr/lib/libc++abi.dylib
0x0000000001cd0000 	/usr/lib/system/libcache.dylib
0x0000000001cd0000 	/usr/lib/system/libcommonCrypto.dylib
0x0000000001cd0000 	/usr/lib/system/libcompiler_rt.dylib
0x0000000001cd0000 	/usr/lib/system/libcopyfile.dylib
0x0000000001cd0000 	/usr/lib/system/libcorecrypto.dylib
0x0000000001cd0000 	/usr/lib/system/libdispatch.dylib
0x0000000001cd0000 	/usr/lib/system/libdyld.dylib
0x0000000001cd0000 	/usr/lib/system/libkeymgr.dylib
0x0000000001cd0000 	/usr/lib/system/liblaunch.dylib
0x0000000001cd0000 	/usr/lib/system/libmacho.dylib
0x0000000001cd0000 	/usr/lib/system/libquarantine.dylib
0x0000000001cd0000 	/usr/lib/system/libremovefile.dylib
0x0000000001cd0000 	/usr/lib/system/libsystem_asl.dylib
0x0000000001cd0000 	/usr/lib/system/libsystem_blocks.dylib
0x0000000001cd0000 	/usr/lib/system/libsystem_c.dylib
0x0000000001cd0000 	/usr/lib/system/libsystem_configuration.dylib
0x0000000001cd0000 	/usr/lib/system/libsystem_coreservices.dylib
0x0000000001cd0000 	/usr/lib/system/libsystem_coretls.dylib
0x0000000001cd0000 	/usr/lib/system/libsystem_dnssd.dylib
0x0000000001cd0000 	/usr/lib/system/libsystem_info.dylib
0x0000000001cd0000 	/usr/lib/system/libsystem_kernel.dylib
0x0000000001cd0000 	/usr/lib/system/libsystem_m.dylib
0x0000000001cd0000 	/usr/lib/system/libsystem_malloc.dylib
0x0000000001cd0000 	/usr/lib/system/libsystem_network.dylib
0x0000000001cd0000 	/usr/lib/system/libsystem_networkextension.dylib
0x0000000001cd0000 	/usr/lib/system/libsystem_notify.dylib
0x0000000001cd0000 	/usr/lib/system/libsystem_platform.dylib
0x0000000001cd0000 	/usr/lib/system/libsystem_pthread.dylib
0x0000000001cd0000 	/usr/lib/system/libsystem_sandbox.dylib
0x0000000001cd0000 	/usr/lib/system/libsystem_secinit.dylib
0x0000000001cd0000 	/usr/lib/system/libsystem_stats.dylib
0x0000000001cd0000 	/usr/lib/system/libsystem_trace.dylib
0x0000000001cd0000 	/usr/lib/system/libunc.dylib
0x0000000001cd0000 	/usr/lib/system/libunwind.dylib
0x0000000001cd0000 	/usr/lib/system/libxpc.dylib
0x0000000001cd0000 	/usr/lib/libbz2.1.0.dylib
0x0000000001cd0000 	/usr/lib/liblzma.5.dylib
0x0000000001cd0000 	/usr/lib/libbsm.0.dylib
0x0000000001cd0000 	/usr/lib/libsqlite3.dylib
0x0000000001cd0000 	/usr/lib/system/libkxld.dylib
0x0000000001cd0000 	/usr/lib/libxar.1.dylib
0x0000000001cd0000 	/usr/lib/libpam.2.dylib
0x0000000001cd0000 	/usr/lib/libOpenScriptingUtil.dylib
0x0000000001cd0000 	/System/Library/Frameworks/CoreServices.framework/Versions/A/Frameworks/FSEvents.framework/Versions/A/FSEvents
0x0000000001cd0000 	/System/Library/Frameworks/CoreServices.framework/Versions/A/Frameworks/CarbonCore.framework/Versions/A/CarbonCore
0x0000000001cd0000 	/System/Library/Frameworks/CoreServices.framework/Versions/A/Frameworks/Metadata.framework/Versions/A/Metadata
0x0000000001cd0000 	/System/Library/Frameworks/CoreServices.framework/Versions/A/Frameworks/OSServices.framework/Versions/A/OSServices
0x0000000001cd0000 	/System/Library/Frameworks/CoreServices.framework/Versions/A/Frameworks/SearchKit.framework/Versions/A/SearchKit
0x0000000001cd0000 	/System/Library/Frameworks/CoreServices.framework/Versions/A/Frameworks/AE.framework/Versions/A/AE
0x0000000001cd0000 	/System/Library/Frameworks/CoreServices.framework/Versions/A/Frameworks/LaunchServices.framework/Versions/A/LaunchServices
0x0000000001cd0000 	/System/Library/Frameworks/CoreServices.framework/Versions/A/Frameworks/DictionaryServices.framework/Versions/A/DictionaryServices
0x0000000001cd0000 	/System/Library/Frameworks/NetFS.framework/Versions/A/NetFS
0x0000000001cd0000 	/System/Library/PrivateFrameworks/NetAuth.framework/Versions/A/NetAuth
0x0000000001cd0000 	/System/Library/PrivateFrameworks/login.framework/Versions/A/Frameworks/loginsupport.framework/Versions/A/loginsupport
0x0000000001cd0000 	/System/Library/PrivateFrameworks/TCC.framework/Versions/A/TCC
0x0000000001cd0000 	/usr/lib/libmecabra.dylib
0x0000000001cd0000 	/System/Library/Frameworks/ApplicationServices.framework/Versions/A/Frameworks/ATS.framework/Versions/A/ATS
0x0000000001cd0000 	/System/Library/Frameworks/ApplicationServices.framework/Versions/A/Frameworks/ColorSync.framework/Versions/A/ColorSync
0x0000000001cd0000 	/System/Library/Frameworks/ApplicationServices.framework/Versions/A/Frameworks/HIServices.framework/Versions/A/HIServices
0x0000000001cd0000 	/System/Library/Frameworks/ApplicationServices.framework/Versions/A/Frameworks/LangAnalysis.framework/Versions/A/LangAnalysis
0x0000000001cd0000 	/System/Library/Frameworks/ApplicationServices.framework/Versions/A/Frameworks/PrintCore.framework/Versions/A/PrintCore
0x0000000001cd0000 	/System/Library/Frameworks/ApplicationServices.framework/Versions/A/Frameworks/QD.framework/Versions/A/QD
0x0000000001cd0000 	/System/Library/Frameworks/ApplicationServices.framework/Versions/A/Frameworks/SpeechSynthesis.framework/Versions/A/SpeechSynthesis
0x0000000001cd0000 	/System/Library/Frameworks/Accelerate.framework/Versions/A/Accelerate
0x0000000001cd0000 	/System/Library/Frameworks/Accelerate.framework/Versions/A/Frameworks/vImage.framework/Versions/A/vImage
0x0000000001cd0000 	/System/Library/Frameworks/Accelerate.framework/Versions/A/Frameworks/vecLib.framework/Versions/A/vecLib
0x0000000001cd0000 	/System/Library/Frameworks/Accelerate.framework/Versions/A/Frameworks/vecLib.framework/Versions/A/libvDSP.dylib
0x0000000001cd0000 	/System/Library/Frameworks/Accelerate.framework/Versions/A/Frameworks/vecLib.framework/Versions/A/libvMisc.dylib
0x0000000001cd0000 	/System/Library/Frameworks/Accelerate.framework/Versions/A/Frameworks/vecLib.framework/Versions/A/libLAPACK.dylib
0x0000000001cd0000 	/System/Library/Frameworks/Accelerate.framework/Versions/A/Frameworks/vecLib.framework/Versions/A/libBLAS.dylib
0x0000000001cd0000 	/System/Library/Frameworks/Accelerate.framework/Versions/A/Frameworks/vecLib.framework/Versions/A/libLinearAlgebra.dylib
0x0000000001cd0000 	/System/Library/Frameworks/ApplicationServices.framework/Versions/A/Frameworks/ATS.framework/Versions/A/Resources/libFontParser.dylib
0x0000000001cd0000 	/System/Library/Frameworks/ApplicationServices.framework/Versions/A/Frameworks/ATS.framework/Versions/A/Resources/libFontRegistry.dylib
0x0000000001cd0000 	/System/Library/PrivateFrameworks/AppleVPA.framework/Versions/A/AppleVPA
0x0000000001cd0000 	/System/Library/PrivateFrameworks/AppleJPEG.framework/Versions/A/AppleJPEG
0x0000000001cd0000 	/System/Library/Frameworks/ImageIO.framework/Versions/A/Resources/libJPEG.dylib
0x0000000001cd0000 	/System/Library/Frameworks/ImageIO.framework/Versions/A/Resources/libTIFF.dylib
0x0000000001cd0000 	/System/Library/Frameworks/ImageIO.framework/Versions/A/Resources/libPng.dylib
0x0000000001cd0000 	/System/Library/Frameworks/ImageIO.framework/Versions/A/Resources/libGIF.dylib
0x0000000001cd0000 	/System/Library/Frameworks/ImageIO.framework/Versions/A/Resources/libJP2.dylib
0x0000000001cd0000 	/System/Library/Frameworks/ImageIO.framework/Versions/A/Resources/libRadiance.dylib
0x0000000001cd0000 	/System/Library/Frameworks/CoreVideo.framework/Versions/A/CoreVideo
0x0000000001cd0000 	/System/Library/Frameworks/OpenGL.framework/Versions/A/Libraries/libGLU.dylib
0x0000000001cd0000 	/System/Library/Frameworks/OpenGL.framework/Versions/A/Libraries/libGFXShared.dylib
0x0000000001cd0000 	/System/Library/Frameworks/OpenGL.framework/Versions/A/Libraries/libGL.dylib
0x0000000001cd0000 	/System/Library/Frameworks/OpenGL.framework/Versions/A/Libraries/libGLImage.dylib
0x0000000001cd0000 	/System/Library/Frameworks/OpenGL.framework/Versions/A/Libraries/libCVMSPluginSupport.dylib
0x0000000001cd0000 	/System/Library/Frameworks/OpenGL.framework/Versions/A/Libraries/libCoreVMClient.dylib
0x0000000001cd0000 	/usr/lib/libcups.2.dylib
0x0000000001cd0000 	/System/Library/Frameworks/Kerberos.framework/Versions/A/Kerberos
0x0000000001cd0000 	/System/Library/Frameworks/GSS.framework/Versions/A/GSS
0x0000000001cd0000 	/usr/lib/libresolv.9.dylib
0x0000000001cd0000 	/usr/lib/libiconv.2.dylib
0x0000000001cd0000 	/System/Library/PrivateFrameworks/Heimdal.framework/Versions/A/Heimdal
0x0000000001cd0000 	/usr/lib/libheimdal-asn1.dylib
0x0000000001cd0000 	/System/Library/Frameworks/OpenDirectory.framework/Versions/A/OpenDirectory
0x0000000001cd0000 	/System/Library/PrivateFrameworks/CommonAuth.framework/Versions/A/CommonAuth
0x0000000001cd0000 	/System/Library/Frameworks/OpenDirectory.framework/Versions/A/Frameworks/CFOpenDirectory.framework/Versions/A/CFOpenDirectory
0x0000000001cd0000 	/System/Library/Frameworks/SecurityFoundation.framework/Versions/A/SecurityFoundation
0x0000000001cd0000 	/System/Library/PrivateFrameworks/LanguageModeling.framework/Versions/A/LanguageModeling
0x0000000001cd0000 	/usr/lib/libcmph.dylib
0x0000000001cd0000 	/System/Library/Frameworks/ServiceManagement.framework/Versions/A/ServiceManagement
0x0000000001cd0000 	/usr/lib/libxslt.1.dylib
0x0000000001cd0000 	/System/Library/Frameworks/Carbon.framework/Versions/A/Frameworks/Ink.framework/Versions/A/Ink
0x0000000001cd0000 	/System/Library/Frameworks/QuartzCore.framework/Versions/A/Frameworks/CoreImage.framework/Versions/A/CoreImage
0x0000000001cd0000 	/System/Library/PrivateFrameworks/CrashReporterSupport.framework/Versions/A/CrashReporterSupport
0x0000000001cd0000 	/System/Library/Frameworks/OpenCL.framework/Versions/A/OpenCL
0x0000000001cd0000 	/System/Library/PrivateFrameworks/FaceCore.framework/Versions/A/FaceCore
0x0000000001cd0000 	/System/Library/PrivateFrameworks/Ubiquity.framework/Versions/A/Ubiquity
0x0000000001cd0000 	/System/Library/PrivateFrameworks/IconServices.framework/Versions/A/IconServices
0x0000000001cd0000 	/System/Library/PrivateFrameworks/ChunkingLibrary.framework/Versions/A/ChunkingLibrary
0x0000000001cd0000 	/System/Library/PrivateFrameworks/Apple80211.framework/Versions/A/Apple80211
0x0000000001cd0000 	/System/Library/Frameworks/CoreWLAN.framework/Versions/A/CoreWLAN
0x0000000001cd0000 	/System/Library/Frameworks/IOBluetooth.framework/Versions/A/IOBluetooth
0x0000000001cd0000 	/System/Library/PrivateFrameworks/CoreWiFi.framework/Versions/A/CoreWiFi
0x0000000001cd0000 	/System/Library/Frameworks/CoreBluetooth.framework/Versions/A/CoreBluetooth
0x0000000001cd0000 	/System/Library/PrivateFrameworks/DebugSymbols.framework/Versions/A/DebugSymbols
0x0000000001cd0000 	/System/Library/PrivateFrameworks/CoreSymbolication.framework/Versions/A/CoreSymbolication
0x0000000001cd0000 	/System/Library/PrivateFrameworks/Symbolication.framework/Versions/A/Symbolication
0x0000000001cd0000 	/System/Library/PrivateFrameworks/SpeechRecognitionCore.framework/Versions/A/SpeechRecognitionCore
0x000000010e400000 	/Library/Java/JavaVirtualMachines/jdk1.7.0_67.jdk/Contents/Home/jre/lib/server/libjvm.dylib
0x0000000001cd0000 	/usr/lib/libstdc++.6.dylib
0x000000010dba7000 	/Library/Java/JavaVirtualMachines/jdk1.7.0_67.jdk/Contents/Home/jre/lib/libverify.dylib
0x000000010dbb4000 	/Library/Java/JavaVirtualMachines/jdk1.7.0_67.jdk/Contents/Home/jre/lib/libjava.dylib
0x000000010dbee000 	/Library/Java/JavaVirtualMachines/jdk1.7.0_67.jdk/Contents/Home/jre/lib/libzip.dylib
0x000000011d2a2000 	/System/Library/Frameworks/JavaVM.framework/Frameworks/JavaRuntimeSupport.framework/JavaRuntimeSupport
0x000000011d2b8000 	/System/Library/Frameworks/JavaVM.framework/Versions/A/Frameworks/JavaNativeFoundation.framework/Versions/A/JavaNativeFoundation
0x000000011d2cc000 	/System/Library/Frameworks/JavaVM.framework/Versions/A/JavaVM
0x0000000001cd0000 	/System/Library/Frameworks/Carbon.framework/Versions/A/Carbon
0x000000011d2d8000 	/System/Library/PrivateFrameworks/JavaLaunching.framework/Versions/A/JavaLaunching
0x0000000001cd0000 	/System/Library/Frameworks/Carbon.framework/Versions/A/Frameworks/CommonPanels.framework/Versions/A/CommonPanels
0x0000000001cd0000 	/System/Library/Frameworks/Carbon.framework/Versions/A/Frameworks/Help.framework/Versions/A/Help
0x0000000001cd0000 	/System/Library/Frameworks/Carbon.framework/Versions/A/Frameworks/ImageCapture.framework/Versions/A/ImageCapture
0x0000000001cd0000 	/System/Library/Frameworks/Carbon.framework/Versions/A/Frameworks/OpenScripting.framework/Versions/A/OpenScripting
0x0000000001cd0000 	/System/Library/Frameworks/Carbon.framework/Versions/A/Frameworks/Print.framework/Versions/A/Print
0x0000000001cd0000 	/System/Library/Frameworks/Carbon.framework/Versions/A/Frameworks/SecurityHI.framework/Versions/A/SecurityHI
0x000000011f0f6000 	/Library/Java/JavaVirtualMachines/jdk1.7.0_67.jdk/Contents/Home/jre/lib/libnio.dylib
0x000000011f105000 	/Library/Java/JavaVirtualMachines/jdk1.7.0_67.jdk/Contents/Home/jre/lib/./libnet.dylib

VM Arguments:
jvm_args: -Dfile.encoding=UTF-8 
java_command: com.ashwin.evolve.genetic.GeneticAlgorithm
Launcher Type: SUN_STANDARD

Environment Variables:
PATH=/usr/bin:/bin:/usr/sbin:/sbin
SHELL=/bin/bash

Signal Handlers:
SIGSEGV: [libjvm.dylib+0x52b6c9], sa_mask[0]=0xfffefeff, sa_flags=0x00000043
SIGBUS: [libjvm.dylib+0x52b6c9], sa_mask[0]=0xfffefeff, sa_flags=0x00000042
SIGFPE: [libjvm.dylib+0x41deaa], sa_mask[0]=0xfffefeff, sa_flags=0x00000042
SIGPIPE: [libjvm.dylib+0x41deaa], sa_mask[0]=0xfffefeff, sa_flags=0x00000042
SIGXFSZ: [libjvm.dylib+0x41deaa], sa_mask[0]=0xfffefeff, sa_flags=0x00000042
SIGILL: [libjvm.dylib+0x41deaa], sa_mask[0]=0xfffefeff, sa_flags=0x00000042
SIGUSR1: SIG_DFL, sa_mask[0]=0x00000000, sa_flags=0x00000000
SIGUSR2: [libjvm.dylib+0x41d99c], sa_mask[0]=0x00000004, sa_flags=0x00000042
SIGHUP: [libjvm.dylib+0x41bc2d], sa_mask[0]=0xfffefeff, sa_flags=0x00000042
SIGINT: [libjvm.dylib+0x41bc2d], sa_mask[0]=0xfffefeff, sa_flags=0x00000042
SIGTERM: [libjvm.dylib+0x41bc2d], sa_mask[0]=0xfffefeff, sa_flags=0x00000042
SIGQUIT: [libjvm.dylib+0x41bc2d], sa_mask[0]=0xfffefeff, sa_flags=0x00000042


---------------  S Y S T E M  ---------------

OS:Bsduname:Darwin 14.3.0 Darwin Kernel Version 14.3.0: Mon Mar 23 11:59:05 PDT 2015; root:xnu-2782.20.48~5/RELEASE_X86_64 x86_64
rlimit: STACK 8192k, CORE 0k, NPROC 709, NOFILE 10240, AS infinity
load average:3.03 4.66 5.10

CPU:total 4 (2 cores per cpu, 2 threads per core) family 6 model 69 stepping 1, cmov, cx8, fxsr, mmx, sse, sse2, sse3, ssse3, sse4.1, sse4.2, popcnt, avx, avx2, aes, erms, ht, tsc, tscinvbit

Memory: 4k page, physical 16777216k(4194304k free)

/proc/meminfo:


vm_info: Java HotSpot(TM) 64-Bit Server VM (24.65-b04) for bsd-amd64 JRE (1.7.0_67-b01), built on Jul 25 2014 08:51:51 by "java_re" with gcc 4.2.1 (Based on Apple Inc. build 5658) (LLVM build 2336.11.00)

time: Sat Jul 25 20:30:48 2015
elapsed time: 81950 seconds

